<?xml version="1.0" encoding="UTF-8"?>
<!-- Generated by org.testng.reporters.JUnitReportReporter -->
<testsuite hostname="Family-PC" name="tests.Test1" tests="6" failures="0" timestamp="7 Dec 2015 22:07:26 GMT" time="256.403" errors="0">
  <testcase name="amazon_co_uk" time="32.407" classname="tests.Test1"/>
  <testcase name="packtPub" time="48.592" classname="tests.Test1"/>
  <testcase name="amazon_com" time="35.020" classname="tests.Test1"/>
  <testcase name="amazon_comSecondEdition" time="50.063" classname="tests.Test1"/>
  <testcase name="ebay" time="42.615" classname="tests.Test1"/>
  <testcase name="oreilly_com" time="47.706" classname="tests.Test1"/>
</testsuite> <!-- tests.Test1 -->
