<?xml version="1.0" encoding="UTF-8"?>
<!-- Generated by org.testng.reporters.JUnitReportReporter -->
<testsuite hostname="Family-PC" name="com.demo.tests.Test3" tests="1" failures="0" timestamp="29 Nov 2015 08:26:32 GMT" time="0.019" errors="0">
  <testcase name="launch" time="0.019" classname="com.demo.tests.Test3"/>
</testsuite> <!-- com.demo.tests.Test3 -->
