<?xml version="1.0" encoding="UTF-8"?>
<!-- Generated by org.testng.reporters.JUnitReportReporter -->
<testsuite hostname="Family-PC" name="com.demo.tests.Test2" tests="1" failures="0" timestamp="29 Nov 2015 07:45:34 GMT" time="13.286" errors="0">
  <testcase name="launch" time="13.286" classname="com.demo.tests.Test2"/>
</testsuite> <!-- com.demo.tests.Test2 -->
